C:\USERS\B1039564\VISUAL STUDIO 2010\PROJECTS\GRAPHICSFRAMEWORK\FRAMEWORK\RELEASE\CAMERA.OBJ
C:\Users\B1039564\Visual Studio 2010\Projects\GraphicsFramework\Framework\Release\cl.command.1.tlog
C:\Users\B1039564\Visual Studio 2010\Projects\GraphicsFramework\Framework\Release\CL.read.1.tlog
C:\Users\B1039564\Visual Studio 2010\Projects\GraphicsFramework\Framework\Release\CL.write.1.tlog
C:\USERS\B1039564\VISUAL STUDIO 2010\PROJECTS\GRAPHICSFRAMEWORK\FRAMEWORK\RELEASE\FRUSTUM.OBJ
C:\USERS\B1039564\VISUAL STUDIO 2010\PROJECTS\GRAPHICSFRAMEWORK\FRAMEWORK\RELEASE\GAMETIMER.OBJ
C:\USERS\B1039564\VISUAL STUDIO 2010\PROJECTS\GRAPHICSFRAMEWORK\FRAMEWORK\RELEASE\HEIGHTMAP.OBJ
C:\USERS\B1039564\VISUAL STUDIO 2010\PROJECTS\GRAPHICSFRAMEWORK\FRAMEWORK\RELEASE\KEYBOARD.OBJ
C:\Users\B1039564\Visual Studio 2010\Projects\GraphicsFramework\Framework\Release\lib.command.1.tlog
C:\Users\B1039564\Visual Studio 2010\Projects\GraphicsFramework\Framework\Release\Lib-link.read.1.tlog
C:\Users\B1039564\Visual Studio 2010\Projects\GraphicsFramework\Framework\Release\Lib-link.write.1.tlog
C:\USERS\B1039564\VISUAL STUDIO 2010\PROJECTS\GRAPHICSFRAMEWORK\FRAMEWORK\RELEASE\MATRIX3.OBJ
C:\USERS\B1039564\VISUAL STUDIO 2010\PROJECTS\GRAPHICSFRAMEWORK\FRAMEWORK\RELEASE\MATRIX4.OBJ
C:\USERS\B1039564\VISUAL STUDIO 2010\PROJECTS\GRAPHICSFRAMEWORK\FRAMEWORK\RELEASE\MD5ANIM.OBJ
C:\USERS\B1039564\VISUAL STUDIO 2010\PROJECTS\GRAPHICSFRAMEWORK\FRAMEWORK\RELEASE\MD5MESH.OBJ
C:\USERS\B1039564\VISUAL STUDIO 2010\PROJECTS\GRAPHICSFRAMEWORK\FRAMEWORK\RELEASE\MESH.OBJ
C:\USERS\B1039564\VISUAL STUDIO 2010\PROJECTS\GRAPHICSFRAMEWORK\FRAMEWORK\RELEASE\MINIMAPCAMERA.OBJ
C:\USERS\B1039564\VISUAL STUDIO 2010\PROJECTS\GRAPHICSFRAMEWORK\FRAMEWORK\RELEASE\MOUSE.OBJ
C:\USERS\B1039564\VISUAL STUDIO 2010\PROJECTS\GRAPHICSFRAMEWORK\FRAMEWORK\RELEASE\OBJMESH.OBJ
C:\USERS\B1039564\VISUAL STUDIO 2010\PROJECTS\GRAPHICSFRAMEWORK\FRAMEWORK\RELEASE\OGLRENDERER.OBJ
C:\USERS\B1039564\VISUAL STUDIO 2010\PROJECTS\GRAPHICSFRAMEWORK\FRAMEWORK\RELEASE\PLANE.OBJ
C:\USERS\B1039564\VISUAL STUDIO 2010\PROJECTS\GRAPHICSFRAMEWORK\FRAMEWORK\RELEASE\QUATERNION.OBJ
C:\USERS\B1039564\VISUAL STUDIO 2010\PROJECTS\GRAPHICSFRAMEWORK\FRAMEWORK\RELEASE\SCENENODE.OBJ
C:\USERS\B1039564\VISUAL STUDIO 2010\PROJECTS\GRAPHICSFRAMEWORK\FRAMEWORK\RELEASE\SHADER.OBJ
C:\USERS\B1039564\VISUAL STUDIO 2010\PROJECTS\GRAPHICSFRAMEWORK\FRAMEWORK\RELEASE\VC100.PDB
C:\USERS\B1039564\VISUAL STUDIO 2010\PROJECTS\GRAPHICSFRAMEWORK\FRAMEWORK\RELEASE\WINDOW.OBJ
C:\USERS\B1039564\VISUAL STUDIO 2010\PROJECTS\GRAPHICSFRAMEWORK\RELEASE\FRAMEWORK.LIB
