Build started 31/07/2012 15:24:38.
     1>Project "C:\Users\B1039564\Visual Studio 2010\Projects\GraphicsFramework\SSSSS\SSSSS.vcxproj" on node 3 (build target(s)).
     1>InitializeBuildStatus:
         Creating "Release\SSSSS.unsuccessfulbuild" because "AlwaysCreate" was specified.
       ClCompile:
         c:\Program Files (x86)\Microsoft Visual Studio 10.0\VC\bin\CL.exe /c /Zi /nologo /W3 /WX- /O2 /Oi /Oy- /GL /D _MBCS /Gm- /EHsc /MD /GS /Gy /fp:precise /Zc:wchar_t /Zc:forScope /Fo"Release\\" /Fd"Release\vc100.pdb" /Gd /TP /analyze- /errorReport:prompt Gaussian.cpp Renderer.cpp SSSSS.cpp
         Gaussian.cpp
         Renderer.cpp
     1>Renderer.cpp(5): warning C4305: 'argument' : truncation from 'double' to 'float'
     1>Renderer.cpp(134): warning C4244: 'argument' : conversion from 'float' to 'GLsizei', possible loss of data
     1>Renderer.cpp(134): warning C4244: 'argument' : conversion from 'float' to 'GLsizei', possible loss of data
     1>Renderer.cpp(159): warning C4244: 'argument' : conversion from 'int' to 'float', possible loss of data
     1>Renderer.cpp(159): warning C4244: 'argument' : conversion from 'int' to 'float', possible loss of data
     1>Renderer.cpp(160): warning C4244: 'argument' : conversion from 'int' to 'float', possible loss of data
     1>Renderer.cpp(160): warning C4244: 'argument' : conversion from 'int' to 'float', possible loss of data
     1>Renderer.cpp(170): warning C4244: 'argument' : conversion from 'int' to 'float', possible loss of data
     1>Renderer.cpp(170): warning C4244: 'argument' : conversion from 'int' to 'float', possible loss of data
     1>Renderer.cpp(181): warning C4244: 'argument' : conversion from 'int' to 'float', possible loss of data
     1>Renderer.cpp(181): warning C4244: 'argument' : conversion from 'int' to 'float', possible loss of data
     1>Renderer.cpp(184): warning C4244: 'argument' : conversion from 'int' to 'float', possible loss of data
     1>Renderer.cpp(184): warning C4244: 'argument' : conversion from 'int' to 'float', possible loss of data
     1>Renderer.cpp(187): warning C4244: 'argument' : conversion from 'int' to 'float', possible loss of data
     1>Renderer.cpp(187): warning C4244: 'argument' : conversion from 'int' to 'float', possible loss of data
     1>Renderer.cpp(318): warning C4244: 'argument' : conversion from 'float' to 'GLsizei', possible loss of data
     1>Renderer.cpp(318): warning C4244: 'argument' : conversion from 'float' to 'GLsizei', possible loss of data
     1>Renderer.cpp(329): warning C4305: 'argument' : truncation from 'double' to 'float'
     1>Renderer.cpp(427): warning C4244: 'argument' : conversion from 'int' to 'const float', possible loss of data
     1>Renderer.cpp(476): warning C4244: 'argument' : conversion from 'float' to 'GLsizei', possible loss of data
     1>Renderer.cpp(476): warning C4244: 'argument' : conversion from 'float' to 'GLsizei', possible loss of data
     1>Renderer.cpp(476): warning C4244: 'argument' : conversion from 'float' to 'GLint', possible loss of data
     1>Renderer.cpp(476): warning C4244: 'argument' : conversion from 'float' to 'GLint', possible loss of data
     1>Renderer.cpp(494): warning C4244: 'argument' : conversion from 'float' to 'GLsizei', possible loss of data
     1>Renderer.cpp(494): warning C4244: 'argument' : conversion from 'float' to 'GLsizei', possible loss of data
     1>Renderer.cpp(494): warning C4244: 'argument' : conversion from 'float' to 'GLint', possible loss of data
     1>Renderer.cpp(494): warning C4244: 'argument' : conversion from 'float' to 'GLint', possible loss of data
     1>Renderer.cpp(505): warning C4244: 'argument' : conversion from 'float' to 'GLsizei', possible loss of data
     1>Renderer.cpp(505): warning C4244: 'argument' : conversion from 'float' to 'GLsizei', possible loss of data
         SSSSS.cpp
     1>SSSSS.cpp(13): warning C4244: 'argument' : conversion from 'float' to 'unsigned int', possible loss of data
       Link:
         c:\Program Files (x86)\Microsoft Visual Studio 10.0\VC\bin\link.exe /ERRORREPORT:PROMPT /OUT:"C:\Users\B1039564\Visual Studio 2010\Projects\GraphicsFramework\Release\SSSSS.exe" /NOLOGO kernel32.lib user32.lib gdi32.lib winspool.lib comdlg32.lib advapi32.lib shell32.lib ole32.lib oleaut32.lib uuid.lib odbc32.lib odbccp32.lib /MANIFEST /ManifestFile:"Release\SSSSS.exe.intermediate.manifest" /MANIFESTUAC:"level='asInvoker' uiAccess='false'" /DEBUG /PDB:"C:\Users\B1039564\Visual Studio 2010\Projects\GraphicsFramework\Release\SSSSS.pdb" /OPT:REF /OPT:ICF /LTCG /TLBID:1 /DYNAMICBASE /NXCOMPAT /IMPLIB:"C:\Users\B1039564\Visual Studio 2010\Projects\GraphicsFramework\Release\SSSSS.lib" /MACHINE:X86 Release\Gaussian.obj
         Release\Renderer.obj
         Release\SSSSS.obj
         Generating code
         Finished generating code
     1>SOIL.lib(SOIL.obj) : warning LNK4099: PDB 'vc100.pdb' was not found with 'SOIL.lib(SOIL.obj)' or at 'C:\Users\B1039564\Visual Studio 2010\Projects\GraphicsFramework\Release\vc100.pdb'; linking object as if no debug info
     1>SOIL.lib(stb_image_aug.obj) : warning LNK4099: PDB 'vc100.pdb' was not found with 'SOIL.lib(stb_image_aug.obj)' or at 'C:\Users\B1039564\Visual Studio 2010\Projects\GraphicsFramework\Release\vc100.pdb'; linking object as if no debug info
     1>SOIL.lib(image_helper.obj) : warning LNK4099: PDB 'vc100.pdb' was not found with 'SOIL.lib(image_helper.obj)' or at 'C:\Users\B1039564\Visual Studio 2010\Projects\GraphicsFramework\Release\vc100.pdb'; linking object as if no debug info
     1>SOIL.lib(image_DXT.obj) : warning LNK4099: PDB 'vc100.pdb' was not found with 'SOIL.lib(image_DXT.obj)' or at 'C:\Users\B1039564\Visual Studio 2010\Projects\GraphicsFramework\Release\vc100.pdb'; linking object as if no debug info
         SSSSS.vcxproj -> C:\Users\B1039564\Visual Studio 2010\Projects\GraphicsFramework\Release\SSSSS.exe
       Manifest:
         C:\Program Files (x86)\Microsoft SDKs\Windows\v7.0A\bin\mt.exe /nologo /verbose /outputresource:"C:\Users\B1039564\Visual Studio 2010\Projects\GraphicsFramework\Release\SSSSS.exe;#1" /manifest Release\SSSSS.exe.intermediate.manifest
       FinalizeBuildStatus:
         Deleting file "Release\SSSSS.unsuccessfulbuild".
         Touching "Release\SSSSS.lastbuildstate".
     1>Done Building Project "C:\Users\B1039564\Visual Studio 2010\Projects\GraphicsFramework\SSSSS\SSSSS.vcxproj" (build target(s)).

Build succeeded.

Time Elapsed 00:00:02.88
