  SSS.cpp
c:\users\santiago\desktop\framework\sss\sss.cpp(24): warning C4244: 'argument': conversion from 'float' to 'unsigned int', possible loss of data
  Renderer.cpp
c:\users\santiago\desktop\framework\sss\renderer.cpp(291): warning C4244: 'argument': conversion from 'float' to 'GLsizei', possible loss of data
c:\users\santiago\desktop\framework\sss\renderer.cpp(396): warning C4244: 'argument': conversion from 'float' to 'GLint', possible loss of data
c:\users\santiago\desktop\framework\sss\renderer.cpp(415): warning C4244: 'argument': conversion from 'float' to 'GLsizei', possible loss of data
c:\users\santiago\desktop\framework\sss\renderer.cpp(415): warning C4244: 'argument': conversion from 'float' to 'GLint', possible loss of data
c:\users\santiago\desktop\framework\sss\renderer.cpp(422): warning C4244: 'argument': conversion from 'float' to 'GLint', possible loss of data
c:\users\santiago\desktop\framework\sss\renderer.cpp(441): warning C4244: 'argument': conversion from 'float' to 'GLsizei', possible loss of data
c:\users\santiago\desktop\framework\sss\renderer.cpp(441): warning C4244: 'argument': conversion from 'float' to 'GLint', possible loss of data
c:\users\santiago\desktop\framework\sss\renderer.cpp(476): warning C4244: 'argument': conversion from 'float' to 'GLint', possible loss of data
c:\users\santiago\desktop\framework\sss\renderer.cpp(507): warning C4244: 'argument': conversion from 'float' to 'GLsizei', possible loss of data
c:\users\santiago\desktop\framework\sss\renderer.cpp(507): warning C4244: 'argument': conversion from 'float' to 'GLint', possible loss of data
c:\users\santiago\desktop\framework\sss\renderer.cpp(519): warning C4244: 'argument': conversion from 'float' to 'GLint', possible loss of data
c:\users\santiago\desktop\framework\sss\renderer.cpp(556): warning C4244: 'argument': conversion from 'float' to 'GLsizei', possible loss of data
c:\users\santiago\desktop\framework\sss\renderer.cpp(556): warning C4244: 'argument': conversion from 'float' to 'GLint', possible loss of data
  Generating Code...
SOIL_D.lib(image_DXT.obj) : warning LNK4099: PDB 'vc100.pdb' was not found with 'SOIL_D.lib(image_DXT.obj)' or at 'C:\Users\Santiago\Desktop\Framework\Debug\vc100.pdb'; linking object as if no debug info
SOIL_D.lib(image_helper.obj) : warning LNK4099: PDB 'vc100.pdb' was not found with 'SOIL_D.lib(image_helper.obj)' or at 'C:\Users\Santiago\Desktop\Framework\Debug\vc100.pdb'; linking object as if no debug info
SOIL_D.lib(SOIL.obj) : warning LNK4099: PDB 'vc100.pdb' was not found with 'SOIL_D.lib(SOIL.obj)' or at 'C:\Users\Santiago\Desktop\Framework\Debug\vc100.pdb'; linking object as if no debug info
SOIL_D.lib(stb_image_aug.obj) : warning LNK4099: PDB 'vc100.pdb' was not found with 'SOIL_D.lib(stb_image_aug.obj)' or at 'C:\Users\Santiago\Desktop\Framework\Debug\vc100.pdb'; linking object as if no debug info
  SSS.vcxproj -> C:\Users\Santiago\Desktop\Framework\Debug\SSS.exe
  SSS.vcxproj -> C:\Users\Santiago\Desktop\Framework\Debug\SSS.pdb (Full PDB)
